[INFO] 18:52:35:804 LISSANDRA - LFS/(15123:15123): se cargo LFS.log
[INFO] 18:54:12:175 LISSANDRA - LFS/(15443:15443): se cargo LFS.log
[INFO] 14:03:59:957 LISSANDRA - LFS/(12288:12288): se cargo LFS.log
[INFO] 14:43:20:110 LISSANDRA - LFS/(12848:12848): se cargo LFS.log
[INFO] 14:44:35:62 LISSANDRA - LFS/(12889:12889): se cargo LFS.log
[INFO] 14:45:30:983 LISSANDRA - LFS/(12982:12982): se cargo LFS.log
[INFO] 14:48:57:238 LISSANDRA - LFS/(13059:13059): se cargo LFS.log
[INFO] 14:52:28:334 LISSANDRA - LFS/(13226:13226): se cargo LFS.log
[ERROR] 14:52:28:334 LISSANDRA - LFS/(13226:13226): No se pudo crear directorio para tabla  tablaEjemplo
[INFO] 14:57:33:261 LISSANDRA - LFS/(13475:13475): se cargo LFS.log
[ERROR] 14:57:33:261 LISSANDRA - LFS/(13475:13475): No se pudo crear directorio para tabla  tablaEjemplo
[INFO] 14:58:00:152 LISSANDRA - LFS/(13506:13506): se cargo LFS.log
[ERROR] 14:58:00:152 LISSANDRA - LFS/(13506:13506): No se pudo crear directorio para tabla  tablaEjemplo
[INFO] 14:58:44:936 LISSANDRA - LFS/(13565:13565): se cargo LFS.log
[ERROR] 14:58:44:936 LISSANDRA - LFS/(13565:13565): No se pudo crear directorio para tabla  "tablaEjemplo" 

[INFO] 15:01:08:776 LISSANDRA - LFS/(13638:13638): se cargo LFS.log 

[ERROR] 15:01:08:776 LISSANDRA - LFS/(13638:13638): No se pudo crear directorio para tabla  "tablaEjemplo" 

[INFO] 15:02:02:878 LISSANDRA - LFS/(13672:13672): se cargo LFS.log 

[ERROR] 15:02:02:878 LISSANDRA - LFS/(13672:13672): No se pudo crear directorio para tabla  "tablaEjemplo" 

[INFO] 15:05:38:469 LISSANDRA - LFS/(13729:13729): se cargo LFS.log 

[INFO] 15:58:20:155 LISSANDRA - LFS/(15253:15253): se cargo LFS.log 

[ERROR] 15:58:20:155 LISSANDRA - LFS/(15253:15253): No se pudo crear directorio para tabla  "tablaEjemplo" 

[INFO] 16:01:03:416 LISSANDRA - LFS/(15330:15330): se cargo LFS.log 

[ERROR] 16:01:03:416 LISSANDRA - LFS/(15330:15330): No se pudo crear directorio para tabla  "tablaEjemplo" 

[INFO] 16:01:22:325 LISSANDRA - LFS/(15343:15343): se cargo LFS.log 

[ERROR] 16:01:22:325 LISSANDRA - LFS/(15343:15343): No se pudo crear directorio para tabla  "tablaEjemplo" 

[INFO] 17:03:27:825 LISSANDRA - LFS/(16731:16731): se cargo LFS.log 

[ERROR] 17:03:27:834 LISSANDRA - LFS/(16731:16731): No se pudo crear directorio para tabla  "tablaEjemplo" 

[INFO] 17:29:59:960 LISSANDRA - LFS/(18817:18817): se cargo LFS.log 

[INFO] 17:31:59:434 LISSANDRA - LFS/(18922:18922): se cargo LFS.log 

[INFO] 17:33:19:236 LISSANDRA - LFS/(18983:18983): se cargo LFS.log 

[INFO] 17:38:20:745 LISSANDRA - LFS/(19116:19116): se cargo LFS.log 

[INFO] 17:38:46:642 LISSANDRA - LFS/(19176:19176): se cargo LFS.log 

[ERROR] 17:38:46:643 LISSANDRA - LFS/(19176:19176): No se pudo crear directorio para tabla  "EEEE" 

[INFO] 17:39:07:299 LISSANDRA - LFS/(19205:19205): se cargo LFS.log 

[INFO] 17:39:35:767 LISSANDRA - LFS/(19268:19268): se cargo LFS.log 

[INFO] 17:39:47:6 LISSANDRA - LFS/(19314:19314): se cargo LFS.log 

[ERROR] 17:39:47:6 LISSANDRA - LFS/(19314:19314): No se pudo crear directorio para tabla  "EEEE" 

[INFO] 17:51:25:144 LISSANDRA - LFS/(20003:20003): se cargo LFS.log 

[INFO] 18:36:17:416 LISSANDRA - LFS/(21426:21426): se cargo LFS.log 

[INFO] 18:40:03:628 LISSANDRA - LFS/(21583:21583): se cargo LFS.log 

[INFO] 23:31:49:184 LISSANDRA - LFS/(30455:30455): se cargo LFS.log 

[INFO] 23:34:59:113 LISSANDRA - LFS/(30602:30602): se cargo LFS.log 

[INFO] 23:35:51:576 LISSANDRA - LFS/(30669:30669): se cargo LFS.log 

[INFO] 23:36:56:877 LISSANDRA - LFS/(30743:30743): se cargo LFS.log 

[INFO] 23:50:23:878 LISSANDRA - LFS/(31737:31737): se cargo LFS.log 

[INFO] 23:51:41:158 LISSANDRA - LFS/(31795:31795): se cargo LFS.log 

[INFO] 23:52:23:745 LISSANDRA - LFS/(31852:31852): se cargo LFS.log 

[INFO] 23:54:23:814 LISSANDRA - LFS/(31947:31947): se cargo LFS.log 

[INFO] 21:54:56:5 LISSANDRA - LFS/(4903:4903): se cargo LFS.log 

[INFO] 23:04:35:176 LISSANDRA - LFS/(6914:6914): se cargo LFS.log 

[INFO] 23:05:35:89 LISSANDRA - LFS/(6991:6991): se cargo LFS.log 

[INFO] 23:06:31:688 LISSANDRA - LFS/(7059:7059): se cargo LFS.log 

[INFO] 23:07:06:955 LISSANDRA - LFS/(7111:7111): se cargo LFS.log 

[INFO] 23:07:50:706 LISSANDRA - LFS/(7228:7228): se cargo LFS.log 

[INFO] 23:09:33:403 LISSANDRA - LFS/(7284:7284): se cargo LFS.log 

[INFO] 23:12:20:165 LISSANDRA - LFS/(7363:7363): se cargo LFS.log 

[INFO] 23:13:23:901 LISSANDRA - LFS/(7387:7387): se cargo LFS.log 

[INFO] 23:14:03:709 LISSANDRA - LFS/(7441:7441): se cargo LFS.log 

[INFO] 23:25:28:881 LISSANDRA - LFS/(7975:7975): se cargo LFS.log 

[INFO] 23:28:27:910 LISSANDRA - LFS/(8072:8072): se cargo LFS.log 

[INFO] 23:30:12:249 LISSANDRA - LFS/(8162:8162): se cargo LFS.log 

[INFO] 23:30:36:199 LISSANDRA - LFS/(8214:8214): se cargo LFS.log 

[INFO] 23:30:44:964 LISSANDRA - LFS/(8228:8228): se cargo LFS.log 

[INFO] 23:53:58:14 LISSANDRA - LFS/(9248:9248): se cargo LFS.log 

[INFO] 23:54:01:150 LISSANDRA - LFS/(9266:9266): se cargo LFS.log 

[INFO] 23:54:18:309 LISSANDRA - LFS/(9289:9289): se cargo LFS.log 

[INFO] 23:54:59:526 LISSANDRA - LFS/(9321:9321): se cargo LFS.log 

[ERROR] 23:55:04:773 LISSANDRA - LFS/(9321:9321): linea LQL leida erronea 

[INFO] 23:55:31:788 LISSANDRA - LFS/(9335:9335): se cargo LFS.log 

[INFO] 23:56:04:266 LISSANDRA - LFS/(9392:9392): se cargo LFS.log 

[INFO] 23:56:59:72 LISSANDRA - LFS/(9429:9429): se cargo LFS.log 

[INFO] 23:57:37:290 LISSANDRA - LFS/(9452:9452): se cargo LFS.log 

[INFO] 11:22:51:180 LISSANDRA - LFS/(9093:9093): se cargo LFS.log 

[INFO] 11:24:26:377 LISSANDRA - LFS/(9160:9160): se cargo LFS.log 

[INFO] 11:26:03:65 LISSANDRA - LFS/(9197:9197): se cargo LFS.log 

[ERROR] 11:26:07:352 LISSANDRA - LFS/(9197:9197): linea LQL leida erronea 

[INFO] 11:26:53:837 LISSANDRA - LFS/(9275:9275): se cargo LFS.log 

[INFO] 11:27:25:179 LISSANDRA - LFS/(9333:9333): se cargo LFS.log 

[INFO] 11:28:34:834 LISSANDRA - LFS/(9414:9414): se cargo LFS.log 

[INFO] 11:54:40:615 LISSANDRA - LFS/(9876:9876): se cargo LFS.log 

[INFO] 20:34:00:721 LISSANDRA - LFS/(11845:11845): se cargo LFS.log 

[INFO] 21:01:55:149 LISSANDRA - LFS/(13112:13112): se cargo LFS.log 

[INFO] 21:02:32:716 LISSANDRA - LFS/(13170:13170): se cargo LFS.log 

[INFO] 21:03:36:41 LISSANDRA - LFS/(13242:13242): se cargo LFS.log 

[INFO] 22:33:07:903 LISSANDRA - LFS/(8795:8795): se cargo LFS.log 

[INFO] 22:44:01:23 LISSANDRA - LFS/(9187:9187): se cargo LFS.log 

[INFO] 22:44:57:574 LISSANDRA - LFS/(9266:9266): se cargo LFS.log 

[INFO] 22:46:16:892 LISSANDRA - LFS/(9309:9309): se cargo LFS.log 

[INFO] 22:46:42:824 LISSANDRA - LFS/(9339:9339): se cargo LFS.log 

[INFO] 22:47:31:254 LISSANDRA - LFS/(9404:9404): se cargo LFS.log 

[INFO] 22:49:12:426 LISSANDRA - LFS/(9513:9513): se cargo LFS.log 

[INFO] 22:49:44:222 LISSANDRA - LFS/(9562:9562): se cargo LFS.log 

[INFO] 22:51:05:474 LISSANDRA - LFS/(9578:9578): se cargo LFS.log 

[INFO] 22:51:37:192 LISSANDRA - LFS/(9601:9601): se cargo LFS.log 

[INFO] 22:51:57:184 LISSANDRA - LFS/(9653:9653): se cargo LFS.log 

[INFO] 00:41:33:554 LISSANDRA - LFS/(9031:9031): se cargo LFS.log 

[INFO] 00:42:45:523 LISSANDRA - LFS/(9188:9188): se cargo LFS.log 

[INFO] 00:47:21:141 LISSANDRA - LFS/(9308:9308): se cargo LFS.log 

[INFO] 00:47:47:831 LISSANDRA - LFS/(9361:9361): se cargo LFS.log 

[INFO] 00:49:38:415 LISSANDRA - LFS/(9404:9404): se cargo LFS.log 

[INFO] 04:53:47:720 LISSANDRA - LFS/(18206:18206): se cargo LFS.log 

[INFO] 05:17:58:318 LISSANDRA - LFS/(19167:19167): se cargo LFS.log 

[INFO] 05:44:25:44 LISSANDRA - LFS/(20215:20215): se cargo LFS.log 

[INFO] 05:45:17:62 LISSANDRA - LFS/(20253:20253): se cargo LFS.log 

[INFO] 05:47:07:330 LISSANDRA - LFS/(20353:20353): se cargo LFS.log 

[INFO] 05:49:42:878 LISSANDRA - LFS/(20476:20476): se cargo LFS.log 

[INFO] 05:54:42:505 LISSANDRA - LFS/(20679:20679): se cargo LFS.log 

[INFO] 05:56:04:562 LISSANDRA - LFS/(16228:16228): se cargo LFS.log 

[INFO] 05:57:07:530 LISSANDRA - LFS/(20793:20793): se cargo LFS.log 

[INFO] 06:48:14:587 LISSANDRA - LFS/(22907:22907): se cargo LFS.log 

[INFO] 06:49:54:270 LISSANDRA - LFS/(22972:22972): se cargo LFS.log 

[INFO] 07:04:48:943 LISSANDRA - LFS/(23371:23371): se cargo LFS.log 

[INFO] 07:18:53:450 LISSANDRA - LFS/(23850:23850): se cargo LFS.log 

[INFO] 07:32:55:981 LISSANDRA - LFS/(24466:24466): se cargo LFS.log 

[INFO] 07:36:38:799 LISSANDRA - LFS/(24885:24885): se cargo LFS.log 

[INFO] 07:39:22:114 LISSANDRA - LFS/(24953:24953): se cargo LFS.log 

[INFO] 07:43:14:725 LISSANDRA - LFS/(25071:25071): se cargo LFS.log 

[INFO] 08:16:41:888 LISSANDRA - LFS/(26387:26387): se cargo LFS.log 

[INFO] 08:20:51:829 LISSANDRA - LFS/(26571:26571): se cargo LFS.log 

[INFO] 08:22:20:307 LISSANDRA - LFS/(26638:26638): se cargo LFS.log 

[INFO] 08:24:04:393 LISSANDRA - LFS/(26750:26750): se cargo LFS.log 

[INFO] 08:25:04:812 LISSANDRA - LFS/(26789:26789): se cargo LFS.log 

[INFO] 08:26:07:37 LISSANDRA - LFS/(26860:26860): se cargo LFS.log 

[INFO] 08:27:24:671 LISSANDRA - LFS/(26924:26924): se cargo LFS.log 

[INFO] 08:28:56:203 LISSANDRA - LFS/(26970:26970): se cargo LFS.log 

[INFO] 08:30:50:985 LISSANDRA - LFS/(27061:27061): se cargo LFS.log 

[INFO] 08:44:22:986 LISSANDRA - LFS/(27430:27430): se cargo LFS.log 

[INFO] 09:07:22:693 LISSANDRA - LFS/(28114:28114): se cargo LFS.log 

[INFO] 09:08:14:164 LISSANDRA - LFS/(28142:28142): se cargo LFS.log 

[INFO] 09:14:13:915 LISSANDRA - LFS/(28350:28350): se cargo LFS.log 

[INFO] 09:15:09:423 LISSANDRA - LFS/(28413:28413): se cargo LFS.log 

[INFO] 09:15:59:174 LISSANDRA - LFS/(28459:28459): se cargo LFS.log 

[INFO] 09:17:38:274 LISSANDRA - LFS/(28534:28534): se cargo LFS.log 

[INFO] 09:24:14:949 LISSANDRA - LFS/(28774:28774): se cargo LFS.log 

[INFO] 09:47:37:512 LISSANDRA - LFS/(29319:29319): se cargo LFS.log 

[INFO] 09:50:00:522 LISSANDRA - LFS/(29426:29426): se cargo LFS.log 

[INFO] 09:56:28:340 LISSANDRA - LFS/(29644:29644): se cargo LFS.log 

[INFO] 09:58:25:518 LISSANDRA - LFS/(29728:29728): se cargo LFS.log 

[INFO] 10:01:42:311 LISSANDRA - LFS/(29878:29878): se cargo LFS.log 

[INFO] 10:05:51:357 LISSANDRA - LFS/(30067:30067): se cargo LFS.log 

[INFO] 10:08:57:389 LISSANDRA - LFS/(30210:30210): se cargo LFS.log 

[INFO] 10:14:55:587 LISSANDRA - LFS/(30434:30434): se cargo LFS.log 

[INFO] 10:22:54:248 LISSANDRA - LFS/(30021:30021): se cargo LFS.log 

[INFO] 10:23:03:826 LISSANDRA - LFS/(30618:30618): se cargo LFS.log 

[INFO] 10:27:46:457 LISSANDRA - LFS/(30841:30841): se cargo LFS.log 

[INFO] 10:29:56:539 LISSANDRA - LFS/(30958:30958): se cargo LFS.log 

[INFO] 10:34:52:946 LISSANDRA - LFS/(31192:31192): se cargo LFS.log 

[INFO] 10:38:46:159 LISSANDRA - LFS/(31369:31369): se cargo LFS.log 

[INFO] 10:43:32:13 LISSANDRA - LFS/(31689:31689): se cargo LFS.log 

[INFO] 10:45:22:670 LISSANDRA - LFS/(31785:31785): se cargo LFS.log 

[INFO] 10:47:22:444 LISSANDRA - LFS/(31909:31909): se cargo LFS.log 

[INFO] 10:47:56:152 LISSANDRA - LFS/(31948:31948): se cargo LFS.log 

